\BOOKMARK [0][-]{chapter.1}{\376\377\000h\000i\000g\000h\000l\000i\000g\000h\000t\000\040\000o\000f\000\040\000f\000u\000n\000d\000a\000m\000e\000n\000t\000a\000l\000\040\000Q\000F\000T}{}% 1
\BOOKMARK [1][-]{section.1.1}{\376\377\000Q\000u\000a\000n\000t\000i\000z\000a\000t\000i\000o\000n}{chapter.1}% 2
\BOOKMARK [1][-]{section.1.2}{\376\377\000c\000o\000r\000r\000e\000l\000a\000t\000i\000o\000n\000\040\000f\000u\000n\000c\000t\000i\000o\000n}{chapter.1}% 3
\BOOKMARK [2][-]{subsection.1.2.1}{\376\377\221\317\133\120\122\233\133\146\166\204\121\163\200\124\121\375\145\160}{section.1.2}% 4
\BOOKMARK [2][-]{subsection.1.2.2}{\376\377\153\047\121\340\221\314\137\227\215\357\137\204\171\357\122\006}{section.1.2}% 5
\BOOKMARK [2][-]{subsection.1.2.3}{\376\377\140\016\116\110\213\241\173\227\121\163\200\124\121\375\145\160}{section.1.2}% 6
\BOOKMARK [2][-]{subsection.1.2.4}{\376\377\140\073\176\323}{section.1.2}% 7
\BOOKMARK [1][-]{section.1.3}{\376\377\000S\000y\000m\000m\000e\000t\000r\000y\000\040\000o\000f\000\040\000F\000i\000e\000l\000d\000s}{chapter.1}% 8
\BOOKMARK [2][-]{subsection.1.3.1}{\376\377\123\117\123\330\176\317\121\170\127\072}{section.1.3}% 9
\BOOKMARK [2][-]{subsection.1.3.2}{\376\377\176\317\121\170\123\117\123\330\127\072\133\210\140\122\155\101}{section.1.3}% 10
\BOOKMARK [2][-]{subsection.1.3.3}{\376\377\221\317\133\120\123\117\123\330\127\072\040\024\040\024\121\163\200\124\121\375\145\160\123\117\123\330}{section.1.3}% 11
\BOOKMARK [2][-]{subsection.1.3.4}{\376\377\221\317\133\120\123\117\123\330\127\072\040\024\040\024\000W\000a\000r\000d\000\040\000i\000d\000e\000n\000t\000i\000t\000y}{section.1.3}% 12
\BOOKMARK [0][-]{chapter.2}{\376\377\0002\000D\000\040\000C\000F\000T\000\040\000f\000u\000n\000d\000a\000m\000e\000n\000t\000a\000l\000s}{}% 13
\BOOKMARK [1][-]{section.2.1}{\376\377\000h\000o\000l\000o\000m\000r\000o\000p\000h\000i\000c\000\040\000c\000o\000o\000r\000d\000i\000n\000a\000t\000e\000s\000\040\000\046\000\040\116\214\176\364\150\007\221\317\127\072}{chapter.2}% 14
\BOOKMARK [2][-]{subsection.2.1.1}{\376\377\127\120\150\007\123\330\143\142}{section.2.1}% 15
\BOOKMARK [2][-]{subsection.2.1.2}{\376\377\127\120\150\007\123\330\143\142\116\013\227\142\166\204\176\317\121\170\150\007\221\317\127\072}{section.2.1}% 16
\BOOKMARK [2][-]{subsection.2.1.3}{\376\377\127\120\150\007\123\330\143\142\116\013\227\142\166\204\221\317\133\120\150\007\221\317\127\072}{section.2.1}% 17
\BOOKMARK [2][-]{subsection.2.1.4}{\376\377\000N\000o\000r\000m\000a\000l\000\040\000O\000r\000d\000e\000r}{section.2.1}% 18
\BOOKMARK [1][-]{section.2.2}{\376\377\000O\000P\000E}{chapter.2}% 19
\BOOKMARK [2][-]{subsection.2.2.1}{\376\377\000O\000P\000E\133\232\116\111}{section.2.2}% 20
\BOOKMARK [2][-]{subsection.2.2.2}{\376\377\116\373\141\017\173\227\173\046\000N\000o\000r\000m\000a\000l\000\040\000O\000r\000d\000e\000r}{section.2.2}% 21
\BOOKMARK [2][-]{subsection.2.2.3}{\376\377\000O\000P\000E\213\241\173\227}{section.2.2}% 22
\BOOKMARK [1][-]{section.2.3}{\376\377\000W\000a\000r\000d\000\040\000I\000d\000e\000n\000t\000i\000t\000y}{chapter.2}% 23
\BOOKMARK [2][-]{subsection.2.3.1}{\376\377\000W\000a\000r\000d\000\040\000I\000d\000e\000n\000t\000i\000t\000y\133\232\116\111}{section.2.3}% 24
\BOOKMARK [2][-]{subsection.2.3.2}{\376\377\213\241\173\227\000N\000o\000e\000t\000h\000e\000r\000\040\000C\000u\000r\000r\000e\000n\000t}{section.2.3}% 25
\BOOKMARK [1][-]{section.2.4}{\376\377\121\161\137\142\116\015\123\330\140\047}{chapter.2}% 26
\BOOKMARK [2][-]{subsection.2.4.1}{\376\377\147\204\220\040\121\161\137\142\123\330\143\142}{section.2.4}% 27
\BOOKMARK [2][-]{subsection.2.4.2}{\376\377\121\161\137\142\123\330\143\142\166\204\162\171\215\050}{section.2.4}% 28
\BOOKMARK [2][-]{subsection.2.4.3}{\376\377\121\161\137\142\116\015\123\330\140\047\124\214\000O\000P\000E}{section.2.4}% 29
\BOOKMARK [2][-]{subsection.2.4.4}{\376\377\200\375\122\250\221\317\137\040\221\317\121\161\137\142\140\047\215\050}{section.2.4}% 30
\BOOKMARK [1][-]{section.2.5}{\376\377\000V\000i\000r\000a\000s\000o\000r\000o\000\040\116\343\145\160}{chapter.2}% 31
\BOOKMARK [1][-]{section.2.6}{\376\377\000M\000o\000d\000e\000\040\000E\000x\000p\000a\000n\000s\000i\000o\000n}{chapter.2}% 32
\BOOKMARK [1][-]{section.2.7}{\376\377\000V\000e\000r\000t\000e\000x\000\040\000O\000p\000e\000r\000a\000t\000o\000r}{chapter.2}% 33
\BOOKMARK [0][-]{chapter.3}{\376\377\0002\000D\000\040\000C\000F\000T\000\040\000b\000o\000o\000t\000s\000t\000r\000a\000p}{}% 34
\BOOKMARK [1][-]{section.3.1}{\376\377\000t\000h\000e\000o\000r\000e\000t\000i\000c\000a\000l\000\040\000Q\000F\000T}{chapter.3}% 35
\BOOKMARK [2][-]{subsection.3.1.1}{\376\377\000D\000e\000f\000i\000n\000i\000t\000i\000o\000n\000s}{section.3.1}% 36
\BOOKMARK [2][-]{subsection.3.1.2}{\376\377\000b\000o\000o\000t\000s\000t\000r\000a\000p\000\040\000m\000e\000t\000h\000o\000d}{section.3.1}% 37
\BOOKMARK [2][-]{subsection.3.1.3}{\376\377\000L\000a\000g\000r\000a\000n\000g\000i\000a\000n\000\040\000m\000e\000t\000h\000o\000d}{section.3.1}% 38
\BOOKMARK [1][-]{section.3.2}{\376\377\000h\000i\000g\000h\000l\000i\000g\000h\000t\000\040\000o\000f\000\040\000B\000a\000s\000i\000c\000\040\000C\000F\000T}{chapter.3}% 39
\BOOKMARK [2][-]{subsection.3.2.1}{\376\377\000S\000y\000m\000m\000e\000t\000r\000y\000\040\000a\000l\000g\000e\000b\000r\000a\000\040\000o\000n\000\040\000m\000a\000n\000i\000f\000o\000l\000d}{section.3.2}% 40
\BOOKMARK [2][-]{subsection.3.2.2}{\376\377\000S\000y\000m\000m\000e\000t\000r\000y\000\040\000a\000l\000g\000e\000b\000r\000a\000\040\000o\000n\000\040\000S\000p\000e\000c\000t\000r\000u\000m}{section.3.2}% 41
\BOOKMARK [2][-]{subsection.3.2.3}{\376\377\000S\000p\000e\000c\000t\000r\000u\000m\000\040\000o\000f\000\040\000C\000F\000T}{section.3.2}% 42
\BOOKMARK [2][-]{subsection.3.2.4}{\376\377\000C\000o\000n\000f\000o\000r\000m\000a\000l\000\040\000b\000o\000o\000t\000s\000t\000r\000a\000p}{section.3.2}% 43
\BOOKMARK [1][-]{section.3.3}{\376\377\000S\000p\000e\000c\000t\000r\000u\000m\000\040\000o\000f\000\040\000C\000F\000T}{chapter.3}% 44
\BOOKMARK [2][-]{subsection.3.3.1}{\376\377\000h\000i\000g\000h\000e\000s\000t\000-\000w\000e\000i\000g\000h\000t\000\040\000r\000e\000p\000r\000e\000s\000e\000n\000t\000a\000t\000i\000o\000n}{section.3.3}% 45
\BOOKMARK [2][-]{subsection.3.3.2}{\376\377\000V\000e\000r\000m\000a\000\040\000m\000o\000d\000u\000l\000e\000s\000\040\000\046\000\040\000d\000e\000g\000e\000n\000e\000r\000a\000t\000e\000\040\000r\000e\000p\000r\000e\000s\000e\000n\000t\000a\000t\000i\000o\000n}{section.3.3}% 46
\BOOKMARK [2][-]{subsection.3.3.3}{\376\377\000s\000i\000n\000g\000u\000l\000a\000r\000\040\000v\000e\000c\000t\000o\000r\133\130\127\050\166\204\147\141\116\366}{section.3.3}% 47
\BOOKMARK [2][-]{subsection.3.3.4}{\376\377\000S\000i\000g\000u\000l\000a\000r\000\040\000v\000e\000c\000t\000o\000r\000\040\000i\000n\000\040\000a\000l\000l\000\040\000l\000e\000v\000e\000l\133\130\127\050\166\204\147\141\116\366}{section.3.3}% 48
\BOOKMARK [2][-]{subsection.3.3.5}{\376\377\000U\000n\000i\000t\000a\000r\000y\133\371\164\006\213\272\176\246\147\137}{section.3.3}% 49
\BOOKMARK [1][-]{section.3.4}{\376\377\000C\000o\000r\000r\000e\000l\000a\000t\000i\000o\000n\000\040\000f\000u\000n\000c\000t\000i\000o\000n\000\040\000o\000f\000\040\000C\000F\000T}{chapter.3}% 50
\BOOKMARK [2][-]{subsection.3.4.1}{\376\377\000F\000i\000e\000l\000d\000s\000\040\000c\000o\000r\000r\000e\000s\000p\000o\000n\000d\000i\000n\000g\000\040\000t\000o\000\040\000t\000h\000e\000\040\000s\000p\000e\000c\000t\000r\000u\000m}{section.3.4}% 51
\BOOKMARK [2][-]{subsection.3.4.2}{\376\377\000E\000M\000\040\000T\000e\000n\000s\000o\000r\123\005\124\053\133\371\171\360\140\047\117\341\140\157\166\204\127\072}{section.3.4}% 52
\BOOKMARK [2][-]{subsection.3.4.3}{\376\377\000W\000a\000r\000d\000\040\000I\000d\000e\000n\000t\000i\000t\000y\133\371\171\360\140\047\176\246\147\137\147\141\116\366}{section.3.4}% 53
\BOOKMARK [2][-]{subsection.3.4.4}{\376\377\000G\000l\000o\000b\000a\000l\000\040\000W\000I\133\371\116\216\000p\000r\000i\000m\000a\000r\000y\000\040\000f\000i\000e\000l\000d\121\163\200\124\121\375\145\160\133\371\171\360\140\047\176\246\147\137}{section.3.4}% 54
\BOOKMARK [2][-]{subsection.3.4.5}{\376\377\000L\000o\000c\000a\000l\000\040\000W\000I\000\040\133\371\116\216\000p\000r\000i\000m\000a\000r\000y\000\040\000f\000i\000e\000l\000d\000\040\000O\000P\000E\166\204\176\246\147\137}{section.3.4}% 55
\BOOKMARK [1][-]{section.3.5}{\376\377\000C\000o\000r\000r\000e\000l\000a\000t\000i\000o\000n\000\040\000f\000u\000n\000c\000t\000i\000o\000n\000\040\000o\000f\000\040\000C\000F\000T\000\050\000d\000e\000g\000e\000n\000e\000r\000a\000t\000e\000\040\000f\000i\000e\000l\000d\000\051}{chapter.3}% 56
\BOOKMARK [1][-]{section.3.6}{\376\377\000C\000o\000n\000f\000o\000r\000m\000a\000l\000\040\000B\000l\000o\000c\000k\000\040\000b\000a\000s\000i\000c}{chapter.3}% 57
\BOOKMARK [1][-]{section.3.7}{\376\377\000C\000o\000n\000f\000o\000r\000m\000a\000l\000\040\000b\000l\000o\000c\000k\000\040\000a\000n\000d\000\040\000c\000r\000o\000s\000s\000i\000n\000g\000\040\000s\000y\000m\000m\000e\000t\000r\000y}{chapter.3}% 58
\BOOKMARK [2][-]{subsection.3.7.1}{\376\377\000C\000o\000n\000f\000o\000r\000m\000a\000l\000\040\000B\000l\000o\000c\000k\000s}{section.3.7}% 59
\BOOKMARK [2][-]{subsection.3.7.2}{\376\377\000d\000e\000r\000i\000v\000i\000n\000g\000\040\000c\000o\000n\000f\000o\000r\000m\000a\000l\000\040\000b\000l\000o\000c\000k}{section.3.7}% 60
\BOOKMARK [0][-]{chapter.4}{\376\377\000T\000h\000e\000\040\000M\000o\000o\000r\000e\000-\000S\000e\000i\000b\000e\000r\000g\000\040\000c\000o\000n\000s\000t\000r\000u\000c\000t\000i\000o\000n\000\040\000o\000f\000\040\000R\000C\000F\000T}{}% 61
\BOOKMARK [1][-]{section.4.1}{\376\377\000C\000h\000i\000r\000a\000l\000\040\000V\000e\000r\000t\000e\000x\000\040\000O\000p\000e\000r\000a\000t\000o\000r}{chapter.4}% 62
\BOOKMARK [2][-]{subsection.4.1.1}{\376\377\000D\000e\000f\000i\000n\000i\000t\000i\000o\000n\000\040\000o\000f\000\040\000C\000h\000i\000r\000a\000l\000\040\000V\000e\000r\000t\000e\000x\000\040\000O\000p\000e\000r\000a\000t\000o\000r}{section.4.1}% 63
\BOOKMARK [2][-]{subsection.4.1.2}{\376\377\000C\000h\000i\000r\000a\000l\000\040\000V\000e\000r\000t\000e\000x\000\040\000O\000p\000e\000r\000a\000t\000o\000r\000\040\000a\000n\000d\000\040\000C\000o\000n\000f\000o\000r\000m\000a\000l\000\040\000B\000l\000o\000c\000k}{section.4.1}% 64
\BOOKMARK [1][-]{section.4.2}{\376\377\000M\000o\000d\000u\000l\000a\000r\000\040\000T\000e\000n\000s\000o\000r\000\040\000C\000a\000t\000e\000g\000o\000r\000i\000e\000s\000\040\000d\000e\000s\000c\000r\000i\000p\000t\000i\000o\000n\000\040\000o\000f\000\040\000R\000C\000F\000T}{chapter.4}% 65
\BOOKMARK [0][-]{chapter.5}{\376\377\000T\000Q\000F\000T\000-\000R\000C\000F\000T\000-\000A\000n\000y\000o\000n\000\040\000C\000o\000n\000d\000e\000n\000s\000a\000t\000i\000o\000n\000\040\000w\000i\000t\000h\000\040\000C\000a\000t\000e\000g\000o\000r\000y\000\040\000T\000h\000e\000o\000r\000y}{}% 66
\BOOKMARK [1][-]{section.5.1}{\376\377\000L\000e\000v\000i\000n\000-\000W\000e\000n\000\040\000M\000o\000d\000e\000l}{chapter.5}% 67
\BOOKMARK [1][-]{section.5.2}{\376\377\000F\000e\000r\000m\000i\000o\000n\000\040\000C\000o\000n\000d\000e\000n\000s\000a\000t\000i\000o\000n}{chapter.5}% 68
\BOOKMARK [0][-]{chapter.6}{\376\377\000F\000e\000r\000m\000i\000o\000n\000i\000c\000\040\000C\000F\000T}{}% 69
\BOOKMARK [1][-]{section.6.1}{\376\377\000M\000o\000d\000u\000l\000a\000r\000\040\000I\000n\000v\000a\000r\000i\000a\000n\000c\000e}{chapter.6}% 70
