\BOOKMARK [0][-]{chapter.1}{\376\377\000R\000e\000l\000a\000t\000i\000v\000i\000s\000t\000i\000c\000\040\000Q\000M}{}% 1
\BOOKMARK [1][-]{section.1.1}{\376\377\221\317\133\120\122\233\133\146\127\372\147\054\151\202\137\365}{chapter.1}% 2
\BOOKMARK [1][-]{section.1.2}{\376\377\133\371\171\360\140\047\123\330\143\142\000S\000y\000m\000m\000e\000t\000r\000y}{chapter.1}% 3
\BOOKMARK [2][-]{subsection.1.2.1}{\376\377\133\371\171\360\140\047\123\330\143\142\173\227\173\046}{section.1.2}% 4
\BOOKMARK [2][-]{subsection.1.2.2}{\376\377\133\371\171\360\140\047\123\330\143\142\124\214\177\244\210\150\171\072}{section.1.2}% 5
\BOOKMARK [2][-]{subsection.1.2.3}{\376\377\000C\000o\000n\000n\000e\000c\000t\000e\000d\000\040\000L\000i\000e\000\040\000G\000r\000o\000u\000p}{section.1.2}% 6
\BOOKMARK [1][-]{section.1.3}{\376\377\221\317\133\120\000L\000o\000r\000e\000n\000t\000z\123\330\143\142}{chapter.1}% 7
\BOOKMARK [2][-]{subsection.1.3.1}{\376\377\155\033\117\046\121\171\123\330\143\142\124\214\177\244}{section.1.3}% 8
\BOOKMARK [2][-]{subsection.1.3.2}{\376\377\155\033\117\046\121\171\123\330\143\142\166\204\133\120\177\244}{section.1.3}% 9
\BOOKMARK [1][-]{section.1.4}{\376\377\000P\000o\000i\000n\000c\000a\000r\000e\116\343\145\160}{chapter.1}% 10
\BOOKMARK [2][-]{subsection.1.4.1}{\376\377\000J\377\014\000P\173\227\173\046\140\047\215\050\116\016\116\343\145\160}{section.1.4}% 11
\BOOKMARK [2][-]{subsection.1.4.2}{\376\377\133\371\146\023\121\163\174\373\116\016\133\210\140\122\221\317\213\250\213\272}{section.1.4}% 12
\BOOKMARK [2][-]{subsection.1.4.3}{\376\377\000G\000a\000l\000i\000l\000e\000a\000n\116\343\145\160}{section.1.4}% 13
\BOOKMARK [1][-]{section.1.5}{\376\377\123\125\174\222\133\120\140\001}{chapter.1}% 14
\BOOKMARK [2][-]{subsection.1.5.1}{\376\377\123\125\174\222\133\120\140\001\166\204\122\006\174\173\000\046\000\040\000W\000i\000g\000n\000e\000r\000\040\000L\000i\000t\000t\000l\000e\000\040\000G\000r\000o\000u\000p\145\271\154\325}{section.1.5}% 15
\BOOKMARK [2][-]{subsection.1.5.2}{\376\377\137\122\116\000\123\026\213\250\213\272}{section.1.5}% 16
\BOOKMARK [2][-]{subsection.1.5.3}{\376\377\121\163\116\216\121\167\117\123\145\313\217\154\123\330\123\026}{section.1.5}% 17
\BOOKMARK [2][-]{subsection.1.5.4}{\376\377\153\143\215\050\221\317\174\222\133\120}{section.1.5}% 18
\BOOKMARK [2][-]{subsection.1.5.5}{\376\377\145\340\215\050\221\317\174\222\133\120}{section.1.5}% 19
\BOOKMARK [1][-]{section.1.6}{\376\377\145\366\225\364\124\214\172\172\225\364\123\315\157\024\123\330\143\142}{chapter.1}% 20
\BOOKMARK [2][-]{subsection.1.6.1}{\376\377\000P\117\134\165\050\127\050\147\011\215\050\221\317\174\222\133\120\116\012}{section.1.6}% 21
\BOOKMARK [2][-]{subsection.1.6.2}{\376\377\000T\117\134\165\050\127\050\147\011\215\050\221\317\174\222\133\120\116\012}{section.1.6}% 22
\BOOKMARK [2][-]{subsection.1.6.3}{\376\377\000P\117\134\165\050\127\050\0000\215\050\221\317\174\222\133\120}{section.1.6}% 23
\BOOKMARK [2][-]{subsection.1.6.4}{\376\377\000T\117\134\165\050\127\050\0000\215\050\221\317\174\222\133\120}{section.1.6}% 24
\BOOKMARK [2][-]{subsection.1.6.5}{\376\377\000\040\000T\0002\000\040\117\134\165\050\213\250\213\272\000\040}{section.1.6}% 25
\BOOKMARK [0][-]{chapter.2}{\376\377\000S\000c\000a\000t\000t\000e\000r\000i\000n\000g\000\040\000T\000h\000e\000o\000r\000y}{}% 26
\BOOKMARK [0][-]{chapter.3}{\376\377\000S\000c\000r\000a\000t\000c\000h\000\040\000B\000o\000o\000k}{}% 27
